  main.cpp
C:\Users\admin\Documents\数字信号处理\频率采样法\Frequency Sampling\Frequency Sampling\Image\Image.h(1,1): warning C4819: 该文件包含不能在当前代码页(936)中表示的字符。请将该文件保存为 Unicode 格式以防止数据丢失
C:\Users\admin\Documents\数字信号处理\频率采样法\Frequency Sampling\Frequency Sampling\Figure\Figure.h(1,1): warning C4819: 该文件包含不能在当前代码页(936)中表示的字符。请将该文件保存为 Unicode 格式以防止数据丢失
C:\Users\admin\Documents\数字信号处理\频率采样法\Frequency Sampling\Frequency Sampling\Vector\Vector.h(1,1): warning C4819: 该文件包含不能在当前代码页(936)中表示的字符。请将该文件保存为 Unicode 格式以防止数据丢失
C:\Users\admin\Documents\数字信号处理\频率采样法\Frequency Sampling\Frequency Sampling\CTFunction.inl(24,26): warning C4018: “<”: 有符号/无符号不匹配
C:\Users\admin\Documents\数字信号处理\频率采样法\Frequency Sampling\Frequency Sampling\CTFunction.inl(22): message : 在编译 类 模板 成员函数“void CTFunction<std::complex<double>>::fromFunction(std::function<T (double)>,double,double,int)”时
          with
          [
              T=std::complex<double>
          ]
C:\Users\admin\Documents\数字信号处理\频率采样法\Frequency Sampling\Frequency Sampling\main.cpp(24): message : 查看对正在编译的函数 模板 实例化“void CTFunction<std::complex<double>>::fromFunction(std::function<T (double)>,double,double,int)”的引用
          with
          [
              T=std::complex<double>
          ]
C:\Users\admin\Documents\数字信号处理\频率采样法\Frequency Sampling\Frequency Sampling\CFDomain.h(10): message : 查看对正在编译的 类 模板 实例化“CTFunction<std::complex<double>>”的引用
  正在生成代码
  1 of 777 functions ( 0.1%) were compiled, the rest were copied from previous compilation.
    0 functions were new in current compilation
    2 functions had inline decision re-evaluated but remain unchanged
  已完成代码的生成
  Frequency Sampling.vcxproj -> C:\Users\admin\Documents\数字信号处理\频率采样法\Frequency Sampling\Release\Frequency Sampling.exe
